<?xml version="1.0" encoding="UTF-8"?>
<coverage generated="1752186004577" clover="3.2.0">
  <project timestamp="1752186004578" name="All files">
    <metrics statements="11" coveredstatements="7" conditionals="10" coveredconditionals="8" methods="9" coveredmethods="3" elements="30" coveredelements="18" complexity="0" loc="11" ncloc="11" packages="2" files="2" classes="2"/>
    <package name="components">
      <metrics statements="7" coveredstatements="6" conditionals="8" coveredconditionals="8" methods="3" coveredmethods="2"/>
      <file name="TaskItem.jsx" path="C:\Users\pepe_\Documents\respositories\todo-list-bases\src\components\TaskItem.jsx">
        <metrics statements="7" coveredstatements="6" conditionals="8" coveredconditionals="8" methods="3" coveredmethods="2"/>
        <line num="5" count="7" type="stmt"/>
        <line num="6" count="7" type="cond" truecount="4" falsecount="0"/>
        <line num="7" count="5" type="cond" truecount="2" falsecount="0"/>
        <line num="9" count="21" type="stmt"/>
        <line num="12" count="7" type="stmt"/>
        <line num="13" count="0" type="stmt"/>
        <line num="16" count="7" type="stmt"/>
      </file>
    </package>
    <package name="stores">
      <metrics statements="4" coveredstatements="1" conditionals="2" coveredconditionals="0" methods="6" coveredmethods="1"/>
      <file name="store.jsx" path="C:\Users\pepe_\Documents\respositories\todo-list-bases\src\stores\store.jsx">
        <metrics statements="4" coveredstatements="1" conditionals="2" coveredconditionals="0" methods="6" coveredmethods="1"/>
        <line num="5" count="1" type="stmt"/>
        <line num="7" count="0" type="stmt"/>
        <line num="10" count="0" type="stmt"/>
        <line num="12" count="0" type="cond" truecount="0" falsecount="2"/>
      </file>
    </package>
  </project>
</coverage>
