{"C:\\Users\\pepe_\\Documents\\respositories\\todo-list-bases\\src\\components\\TaskItem.jsx": {"path":"C:\\Users\\pepe_\\Documents\\respositories\\todo-list-bases\\src\\components\\TaskItem.jsx","statementMap":{"0":{"start":{"line":5,"column":20},"end":{"line":5,"column":22}},"1":{"start":{"line":6,"column":2},"end":{"line":8,"column":3}},"2":{"start":{"line":7,"column":4},"end":{"line":7,"column":92}},"3":{"start":{"line":9,"column":21},"end":{"line":9,"column":62}},"4":{"start":{"line":9,"column":45},"end":{"line":9,"column":61}},"5":{"start":{"line":12,"column":23},"end":{"line":14,"column":27}},"6":{"start":{"line":13,"column":4},"end":{"line":13,"column":24}},"7":{"start":{"line":16,"column":2},"end":{"line":26,"column":4}}},"fnMap":{"0":{"name":"TaskItem","decl":{"start":{"line":4,"column":24},"end":{"line":4,"column":32}},"loc":{"start":{"line":4,"column":43},"end":{"line":27,"column":1}},"line":4},"1":{"name":"(anonymous_1)","decl":{"start":{"line":9,"column":34},"end":{"line":9,"column":35}},"loc":{"start":{"line":9,"column":45},"end":{"line":9,"column":61}},"line":9},"2":{"name":"(anonymous_2)","decl":{"start":{"line":12,"column":35},"end":{"line":12,"column":36}},"loc":{"start":{"line":12,"column":41},"end":{"line":14,"column":3}},"line":12}},"branchMap":{"0":{"loc":{"start":{"line":6,"column":2},"end":{"line":8,"column":3}},"type":"if","locations":[{"start":{"line":6,"column":2},"end":{"line":8,"column":3}},{"start":{},"end":{}}],"line":6},"1":{"loc":{"start":{"line":6,"column":6},"end":{"line":6,"column":59}},"type":"binary-expr","locations":[{"start":{"line":6,"column":6},"end":{"line":6,"column":35}},{"start":{"line":6,"column":39},"end":{"line":6,"column":59}}],"line":6},"2":{"loc":{"start":{"line":7,"column":18},"end":{"line":7,"column":91}},"type":"cond-expr","locations":[{"start":{"line":7,"column":43},"end":{"line":7,"column":79}},{"start":{"line":7,"column":82},"end":{"line":7,"column":91}}],"line":7},"3":{"loc":{"start":{"line":21,"column":33},"end":{"line":21,"column":73}},"type":"cond-expr","locations":[{"start":{"line":21,"column":50},"end":{"line":21,"column":64}},{"start":{"line":21,"column":67},"end":{"line":21,"column":73}}],"line":21}},"s":{"0":7,"1":7,"2":5,"3":7,"4":21,"5":7,"6":0,"7":7},"f":{"0":7,"1":21,"2":0},"b":{"0":[5,2],"1":[7,6],"2":[2,3],"3":[1,6]},"_coverageSchema":"1a1c01bbd47fc00a2c39e90264f33305004495a9","hash":"59e9024bc30016dd50a9abfcdf899e581a5c13c6"}
,"C:\\Users\\pepe_\\Documents\\respositories\\todo-list-bases\\src\\stores\\store.jsx": {"path":"C:\\Users\\pepe_\\Documents\\respositories\\todo-list-bases\\src\\stores\\store.jsx","statementMap":{"0":{"start":{"line":5,"column":28},"end":{"line":15,"column":3}},"1":{"start":{"line":5,"column":45},"end":{"line":15,"column":1}},"2":{"start":{"line":7,"column":21},"end":{"line":9,"column":5}},"3":{"start":{"line":7,"column":37},"end":{"line":9,"column":3}},"4":{"start":{"line":10,"column":22},"end":{"line":14,"column":5}},"5":{"start":{"line":10,"column":38},"end":{"line":14,"column":3}},"6":{"start":{"line":12,"column":6},"end":{"line":12,"column":57}}},"fnMap":{"0":{"name":"(anonymous_0)","decl":{"start":{"line":5,"column":35},"end":{"line":5,"column":36}},"loc":{"start":{"line":5,"column":45},"end":{"line":15,"column":1}},"line":5},"1":{"name":"(anonymous_1)","decl":{"start":{"line":7,"column":11},"end":{"line":7,"column":12}},"loc":{"start":{"line":7,"column":21},"end":{"line":9,"column":5}},"line":7},"2":{"name":"(anonymous_2)","decl":{"start":{"line":7,"column":25},"end":{"line":7,"column":26}},"loc":{"start":{"line":7,"column":37},"end":{"line":9,"column":3}},"line":7},"3":{"name":"(anonymous_3)","decl":{"start":{"line":10,"column":14},"end":{"line":10,"column":15}},"loc":{"start":{"line":10,"column":22},"end":{"line":14,"column":5}},"line":10},"4":{"name":"(anonymous_4)","decl":{"start":{"line":10,"column":26},"end":{"line":10,"column":27}},"loc":{"start":{"line":10,"column":38},"end":{"line":14,"column":3}},"line":10},"5":{"name":"(anonymous_5)","decl":{"start":{"line":11,"column":27},"end":{"line":11,"column":28}},"loc":{"start":{"line":12,"column":6},"end":{"line":12,"column":57}},"line":12}},"branchMap":{"0":{"loc":{"start":{"line":12,"column":6},"end":{"line":12,"column":57}},"type":"cond-expr","locations":[{"start":{"line":12,"column":20},"end":{"line":12,"column":53}},{"start":{"line":12,"column":56},"end":{"line":12,"column":57}}],"line":12}},"s":{"0":1,"1":1,"2":0,"3":0,"4":0,"5":0,"6":0},"f":{"0":1,"1":0,"2":0,"3":0,"4":0,"5":0},"b":{"0":[0,0]},"_coverageSchema":"1a1c01bbd47fc00a2c39e90264f33305004495a9","hash":"041c434410bdd39025b781dd3f6d70e002873e7f"}
}
