TN:
SF:src\components\TaskItem.jsx
FN:4,TaskItem
FN:9,(anonymous_1)
FN:12,(anonymous_2)
FNF:3
FNH:2
FNDA:7,TaskItem
FNDA:21,(anonymous_1)
FNDA:0,(anonymous_2)
DA:5,7
DA:6,7
DA:7,5
DA:9,21
DA:12,7
DA:13,0
DA:16,7
LF:7
LH:6
BRDA:6,0,0,5
BRDA:6,0,1,2
BRDA:6,1,0,7
BRDA:6,1,1,6
BRDA:7,2,0,2
BRDA:7,2,1,3
BRDA:21,3,0,1
BRDA:21,3,1,6
BRF:8
BRH:8
end_of_record
TN:
SF:src\stores\store.jsx
FN:5,(anonymous_0)
FN:7,(anonymous_1)
FN:7,(anonymous_2)
FN:10,(anonymous_3)
FN:10,(anonymous_4)
FN:11,(anonymous_5)
FNF:6
FNH:1
FNDA:1,(anonymous_0)
FNDA:0,(anonymous_1)
FNDA:0,(anonymous_2)
FNDA:0,(anonymous_3)
FNDA:0,(anonymous_4)
FNDA:0,(anonymous_5)
DA:5,1
DA:7,0
DA:10,0
DA:12,0
LF:4
LH:1
BRDA:12,0,0,0
BRDA:12,0,1,0
BRF:2
BRH:0
end_of_record
